<?xml version="1.0" encoding="UTF-8"?>
<testsuite xmlns:xsi="http://www.w3.org/2001/XMLSchema-instance" xsi:noNamespaceSchemaLocation="https://maven.apache.org/surefire/maven-surefire-plugin/xsd/surefire-test-report.xsd" name="com.sakura.gmall.user.AppTest" time="0.152" tests="1" errors="0" skipped="0" failures="0">
  <properties>
    <property name="sun.desktop" value="windows"/>
    <property name="awt.toolkit" value="sun.awt.windows.WToolkit"/>
    <property name="file.encoding.pkg" value="sun.io"/>
    <property name="java.specification.version" value="1.8"/>
    <property name="sun.cpu.isalist" value="amd64"/>
    <property name="sun.jnu.encoding" value="GBK"/>
    <property name="java.class.path" value="D:\IdeaProjects\gupao-project\user-service\user-provider\target\test-classes;D:\IdeaProjects\gupao-project\user-service\user-provider\target\classes;d:\mavenRepository\junit\junit\4.11\junit-4.11.jar;d:\mavenRepository\org\hamcrest\hamcrest-core\1.3\hamcrest-core-1.3.jar;d:\mavenRepository\org\springframework\spring-context\4.3.12.RELEASE\spring-context-4.3.12.RELEASE.jar;d:\mavenRepository\org\springframework\spring-aop\4.3.12.RELEASE\spring-aop-4.3.12.RELEASE.jar;d:\mavenRepository\org\springframework\spring-expression\4.3.12.RELEASE\spring-expression-4.3.12.RELEASE.jar;d:\mavenRepository\org\springframework\spring-core\4.3.12.RELEASE\spring-core-4.3.12.RELEASE.jar;d:\mavenRepository\commons-logging\commons-logging\1.2\commons-logging-1.2.jar;d:\mavenRepository\org\springframework\spring-beans\4.3.12.RELEASE\spring-beans-4.3.12.RELEASE.jar;d:\mavenRepository\org\springframework\spring-context-support\4.3.12.RELEASE\spring-context-support-4.3.12.RELEASE.jar;d:\mavenRepository\org\springframework\spring-jdbc\4.3.12.RELEASE\spring-jdbc-4.3.12.RELEASE.jar;d:\mavenRepository\org\springframework\spring-orm\4.3.12.RELEASE\spring-orm-4.3.12.RELEASE.jar;d:\mavenRepository\org\springframework\spring-tx\4.3.12.RELEASE\spring-tx-4.3.12.RELEASE.jar;d:\mavenRepository\com\alibaba\dubbo\2.5.3\dubbo-2.5.3.jar;d:\mavenRepository\org\javassist\javassist\3.15.0-GA\javassist-3.15.0-GA.jar;d:\mavenRepository\org\jboss\netty\netty\3.2.5.Final\netty-3.2.5.Final.jar;d:\mavenRepository\com\101tec\zkclient\0.10\zkclient-0.10.jar;d:\mavenRepository\org\slf4j\slf4j-api\1.6.1\slf4j-api-1.6.1.jar;d:\mavenRepository\org\apache\zookeeper\zookeeper\3.4.8\zookeeper-3.4.8.jar;d:\mavenRepository\org\slf4j\slf4j-log4j12\1.6.1\slf4j-log4j12-1.6.1.jar;d:\mavenRepository\log4j\log4j\1.2.16\log4j-1.2.16.jar;d:\mavenRepository\jline\jline\0.9.94\jline-0.9.94.jar;d:\mavenRepository\io\netty\netty\3.7.0.Final\netty-3.7.0.Final.jar;d:\mavenRepository\org\mybatis\mybatis\3.0.5\mybatis-3.0.5.jar;d:\mavenRepository\mysql\mysql-connector-java\5.1.8\mysql-connector-java-5.1.8.jar;d:\mavenRepository\org\mybatis\mybatis-spring\1.0.1\mybatis-spring-1.0.1.jar;d:\mavenRepository\com\alibaba\druid\1.1.9\druid-1.1.9.jar;d:\mavenRepository\io\jsonwebtoken\jjwt\0.9.0\jjwt-0.9.0.jar;d:\mavenRepository\com\fasterxml\jackson\core\jackson-databind\2.8.9\jackson-databind-2.8.9.jar;d:\mavenRepository\com\fasterxml\jackson\core\jackson-annotations\2.8.0\jackson-annotations-2.8.0.jar;d:\mavenRepository\com\fasterxml\jackson\core\jackson-core\2.8.9\jackson-core-2.8.9.jar;d:\mavenRepository\joda-time\joda-time\2.10\joda-time-2.10.jar;d:\mavenRepository\org\springframework\kafka\spring-kafka\2.1.7.RELEASE\spring-kafka-2.1.7.RELEASE.jar;d:\mavenRepository\org\springframework\spring-messaging\5.0.6.RELEASE\spring-messaging-5.0.6.RELEASE.jar;d:\mavenRepository\org\springframework\retry\spring-retry\1.2.2.RELEASE\spring-retry-1.2.2.RELEASE.jar;d:\mavenRepository\org\apache\kafka\kafka-clients\1.0.1\kafka-clients-1.0.1.jar;d:\mavenRepository\org\lz4\lz4-java\1.4\lz4-java-1.4.jar;d:\mavenRepository\org\xerial\snappy\snappy-java\1.1.4\snappy-java-1.1.4.jar;D:\IdeaProjects\gupao-project\user-service\user-api\target\user-api-1.0-SNAPSHOT.jar;"/>
    <property name="java.vm.vendor" value="Oracle Corporation"/>
    <property name="sun.arch.data.model" value="64"/>
    <property name="user.variant" value=""/>
    <property name="java.vendor.url" value="http://java.oracle.com/"/>
    <property name="user.timezone" value=""/>
    <property name="java.vm.specification.version" value="1.8"/>
    <property name="os.name" value="Windows 10"/>
    <property name="user.country" value="CN"/>
    <property name="sun.java.launcher" value="SUN_STANDARD"/>
    <property name="sun.boot.library.path" value="D:\Program Files\Java\jdk1.8.0_171\jre\bin"/>
    <property name="sun.java.command" value="C:\Users\lies\AppData\Local\Temp\surefire1800890466383175159\surefirebooter6884981407936072284.jar C:\Users\lies\AppData\Local\Temp\surefire1800890466383175159 2018-08-07T16-05-12_225-jvmRun1 surefire2991045870867871139tmp surefire_17430429416298858745tmp"/>
    <property name="surefire.test.class.path" value="D:\IdeaProjects\gupao-project\user-service\user-provider\target\test-classes;D:\IdeaProjects\gupao-project\user-service\user-provider\target\classes;d:\mavenRepository\junit\junit\4.11\junit-4.11.jar;d:\mavenRepository\org\hamcrest\hamcrest-core\1.3\hamcrest-core-1.3.jar;d:\mavenRepository\org\springframework\spring-context\4.3.12.RELEASE\spring-context-4.3.12.RELEASE.jar;d:\mavenRepository\org\springframework\spring-aop\4.3.12.RELEASE\spring-aop-4.3.12.RELEASE.jar;d:\mavenRepository\org\springframework\spring-expression\4.3.12.RELEASE\spring-expression-4.3.12.RELEASE.jar;d:\mavenRepository\org\springframework\spring-core\4.3.12.RELEASE\spring-core-4.3.12.RELEASE.jar;d:\mavenRepository\commons-logging\commons-logging\1.2\commons-logging-1.2.jar;d:\mavenRepository\org\springframework\spring-beans\4.3.12.RELEASE\spring-beans-4.3.12.RELEASE.jar;d:\mavenRepository\org\springframework\spring-context-support\4.3.12.RELEASE\spring-context-support-4.3.12.RELEASE.jar;d:\mavenRepository\org\springframework\spring-jdbc\4.3.12.RELEASE\spring-jdbc-4.3.12.RELEASE.jar;d:\mavenRepository\org\springframework\spring-orm\4.3.12.RELEASE\spring-orm-4.3.12.RELEASE.jar;d:\mavenRepository\org\springframework\spring-tx\4.3.12.RELEASE\spring-tx-4.3.12.RELEASE.jar;d:\mavenRepository\com\alibaba\dubbo\2.5.3\dubbo-2.5.3.jar;d:\mavenRepository\org\javassist\javassist\3.15.0-GA\javassist-3.15.0-GA.jar;d:\mavenRepository\org\jboss\netty\netty\3.2.5.Final\netty-3.2.5.Final.jar;d:\mavenRepository\com\101tec\zkclient\0.10\zkclient-0.10.jar;d:\mavenRepository\org\slf4j\slf4j-api\1.6.1\slf4j-api-1.6.1.jar;d:\mavenRepository\org\apache\zookeeper\zookeeper\3.4.8\zookeeper-3.4.8.jar;d:\mavenRepository\org\slf4j\slf4j-log4j12\1.6.1\slf4j-log4j12-1.6.1.jar;d:\mavenRepository\log4j\log4j\1.2.16\log4j-1.2.16.jar;d:\mavenRepository\jline\jline\0.9.94\jline-0.9.94.jar;d:\mavenRepository\io\netty\netty\3.7.0.Final\netty-3.7.0.Final.jar;d:\mavenRepository\org\mybatis\mybatis\3.0.5\mybatis-3.0.5.jar;d:\mavenRepository\mysql\mysql-connector-java\5.1.8\mysql-connector-java-5.1.8.jar;d:\mavenRepository\org\mybatis\mybatis-spring\1.0.1\mybatis-spring-1.0.1.jar;d:\mavenRepository\com\alibaba\druid\1.1.9\druid-1.1.9.jar;d:\mavenRepository\io\jsonwebtoken\jjwt\0.9.0\jjwt-0.9.0.jar;d:\mavenRepository\com\fasterxml\jackson\core\jackson-databind\2.8.9\jackson-databind-2.8.9.jar;d:\mavenRepository\com\fasterxml\jackson\core\jackson-annotations\2.8.0\jackson-annotations-2.8.0.jar;d:\mavenRepository\com\fasterxml\jackson\core\jackson-core\2.8.9\jackson-core-2.8.9.jar;d:\mavenRepository\joda-time\joda-time\2.10\joda-time-2.10.jar;d:\mavenRepository\org\springframework\kafka\spring-kafka\2.1.7.RELEASE\spring-kafka-2.1.7.RELEASE.jar;d:\mavenRepository\org\springframework\spring-messaging\5.0.6.RELEASE\spring-messaging-5.0.6.RELEASE.jar;d:\mavenRepository\org\springframework\retry\spring-retry\1.2.2.RELEASE\spring-retry-1.2.2.RELEASE.jar;d:\mavenRepository\org\apache\kafka\kafka-clients\1.0.1\kafka-clients-1.0.1.jar;d:\mavenRepository\org\lz4\lz4-java\1.4\lz4-java-1.4.jar;d:\mavenRepository\org\xerial\snappy\snappy-java\1.1.4\snappy-java-1.1.4.jar;D:\IdeaProjects\gupao-project\user-service\user-api\target\user-api-1.0-SNAPSHOT.jar;"/>
    <property name="sun.cpu.endian" value="little"/>
    <property name="user.home" value="C:\Users\lies"/>
    <property name="user.language" value="zh"/>
    <property name="java.specification.vendor" value="Oracle Corporation"/>
    <property name="java.home" value="D:\Program Files\Java\jdk1.8.0_171\jre"/>
    <property name="basedir" value="D:\IdeaProjects\gupao-project\user-service\user-provider"/>
    <property name="file.separator" value="\"/>
    <property name="line.separator" value="&#10;"/>
    <property name="java.vm.specification.vendor" value="Oracle Corporation"/>
    <property name="java.specification.name" value="Java Platform API Specification"/>
    <property name="java.awt.graphicsenv" value="sun.awt.Win32GraphicsEnvironment"/>
    <property name="surefire.real.class.path" value="C:\Users\lies\AppData\Local\Temp\surefire1800890466383175159\surefirebooter6884981407936072284.jar"/>
    <property name="sun.boot.class.path" value="D:\Program Files\Java\jdk1.8.0_171\jre\lib\resources.jar;D:\Program Files\Java\jdk1.8.0_171\jre\lib\rt.jar;D:\Program Files\Java\jdk1.8.0_171\jre\lib\sunrsasign.jar;D:\Program Files\Java\jdk1.8.0_171\jre\lib\jsse.jar;D:\Program Files\Java\jdk1.8.0_171\jre\lib\jce.jar;D:\Program Files\Java\jdk1.8.0_171\jre\lib\charsets.jar;D:\Program Files\Java\jdk1.8.0_171\jre\lib\jfr.jar;D:\Program Files\Java\jdk1.8.0_171\jre\classes"/>
    <property name="user.script" value=""/>
    <property name="sun.management.compiler" value="HotSpot 64-Bit Tiered Compilers"/>
    <property name="java.runtime.version" value="1.8.0_171-b11"/>
    <property name="user.name" value="lies"/>
    <property name="path.separator" value=";"/>
    <property name="os.version" value="10.0"/>
    <property name="java.endorsed.dirs" value="D:\Program Files\Java\jdk1.8.0_171\jre\lib\endorsed"/>
    <property name="java.runtime.name" value="Java(TM) SE Runtime Environment"/>
    <property name="file.encoding" value="GBK"/>
    <property name="java.vm.name" value="Java HotSpot(TM) 64-Bit Server VM"/>
    <property name="localRepository" value="d:\mavenRepository"/>
    <property name="java.vendor.url.bug" value="http://bugreport.sun.com/bugreport/"/>
    <property name="java.io.tmpdir" value="C:\Users\lies\AppData\Local\Temp\"/>
    <property name="idea.version" value="2017.1.4"/>
    <property name="java.version" value="1.8.0_171"/>
    <property name="user.dir" value="D:\IdeaProjects\gupao-project\user-service\user-provider"/>
    <property name="os.arch" value="amd64"/>
    <property name="java.vm.specification.name" value="Java Virtual Machine Specification"/>
    <property name="java.awt.printerjob" value="sun.awt.windows.WPrinterJob"/>
    <property name="sun.os.patch.level" value=""/>
    <property name="java.library.path" value="D:\Program Files\Java\jdk1.8.0_171\jre\bin;C:\WINDOWS\Sun\Java\bin;C:\WINDOWS\system32;C:\WINDOWS;C:\Program Files (x86)\Common Files\Oracle\Java\javapath;C:\WINDOWS\system32;C:\WINDOWS;C:\WINDOWS\System32\Wbem;C:\WINDOWS\System32\WindowsPowerShell\v1.0\;D:\Program Files\WIDCOMM\Bluetooth Software\;D:\Program Files\WIDCOMM\Bluetooth Software\syswow64;D:\Program Files\TortoiseSVN\bin;D:\Program Files\Java\jdk1.8.0_171\bin;D:\developmentTool\apache-tomcat-8.0.51\bin;D:\Program Files\Java\jre1.8.0_171\bin;D:\developmentTool\apache-maven-3.3.9\bin;C:\WINDOWS\System32\OpenSSH\;D:\Program Files\Git\cmd;C:\Users\lies\AppData\Local\Microsoft\WindowsApps;;."/>
    <property name="java.vm.info" value="mixed mode"/>
    <property name="java.vendor" value="Oracle Corporation"/>
    <property name="java.vm.version" value="25.171-b11"/>
    <property name="java.ext.dirs" value="D:\Program Files\Java\jdk1.8.0_171\jre\lib\ext;C:\WINDOWS\Sun\Java\lib\ext"/>
    <property name="sun.io.unicode.encoding" value="UnicodeLittle"/>
    <property name="java.class.version" value="52.0"/>
  </properties>
  <testcase name="shouldAnswerWithTrue" classname="com.sakura.gmall.user.AppTest" time="0.002"/>
</testsuite>